3300 [Test worker] INFO  applications.ListenerMy - Start on -->https://demoqa.com/
5263 [Test worker] INFO  TestBase - Start test -->newTabtest
5265 [Test worker] INFO  applications.ListenerMy - Start search -->By.id: close-fixedban
5340 [Test worker] INFO  applications.ListenerMy - Found -->By.id: close-fixedban
5347 [Test worker] INFO  applications.ListenerMy - Start search -->By.id: close-fixedban
5364 [Test worker] INFO  applications.ListenerMy - Found -->By.id: close-fixedban
5364 [Test worker] INFO  applications.ListenerMy - Click on --> [[ChromeDriver: chrome on MAC (8f450e945242f5d22b205957ee72fb9a)] -> id: close-fixedban]
5400 [Test worker] INFO  applications.ListenerMy - Start search -->By.xpath: //div/h5[.='Alerts, Frame & Windows']
5416 [Test worker] INFO  applications.ListenerMy - Found -->By.xpath: //div/h5[.='Alerts, Frame & Windows']
5416 [Test worker] INFO  applications.ListenerMy - Click on --> [[ChromeDriver: chrome on MAC (8f450e945242f5d22b205957ee72fb9a)] -> xpath: //div/h5[.='Alerts, Frame & Windows']]
5512 [Test worker] INFO  applications.ListenerMy - Start search -->By.xpath: //span[.='Browser Windows']
5527 [Test worker] INFO  applications.ListenerMy - Found -->By.xpath: //span[.='Browser Windows']
5528 [Test worker] INFO  applications.ListenerMy - Click on --> [[ChromeDriver: chrome on MAC (8f450e945242f5d22b205957ee72fb9a)] -> xpath: //span[.='Browser Windows']]
5647 [Test worker] INFO  applications.ListenerMy - Start search -->By.xpath: //button[.='New Tab']
5672 [Test worker] INFO  applications.ListenerMy - Found -->By.xpath: //button[.='New Tab']
5674 [Test worker] INFO  applications.ListenerMy - Click on --> [[ChromeDriver: chrome on MAC (8f450e945242f5d22b205957ee72fb9a)] -> xpath: //button[.='New Tab']]
7132 [Test worker] INFO  applications.ListenerMy - Start search -->By.id: sampleHeading
17315 [Test worker] INFO  applications.ListenerMy - We have a throwable --> no such element: Unable to locate element: {"method":"css selector","selector":"#sampleHeading"}
  (Session info: chrome=94.0.4606.71)
For documentation on this error, please visit: https://www.seleniumhq.org/exceptions/no_such_element.html
Build info: version: '3.141.59', revision: 'e82be7d358', time: '2018-11-14T08:17:03'
System info: host: 'MBP-Taya.lan', ip: 'fe80:0:0:0:48e:bd02:3d42:a351%en0', os.name: 'Mac OS X', os.arch: 'x86_64', os.version: '10.16', java.version: '1.8.0_151'
Driver info: org.openqa.selenium.chrome.ChromeDriver
Capabilities {acceptInsecureCerts: false, browserName: chrome, browserVersion: 94.0.4606.71, chrome: {chromedriverVersion: 94.0.4606.61 (418b78f5838ed..., userDataDir: /var/folders/s_/hl4vhy0959g...}, goog:chromeOptions: {debuggerAddress: localhost:53378}, javascriptEnabled: true, networkConnectionEnabled: false, pageLoadStrategy: normal, platform: MAC, platformName: MAC, proxy: Proxy(), setWindowRect: true, strictFileInteractability: false, timeouts: {implicit: 0, pageLoad: 300000, script: 30000}, unhandledPromptBehavior: dismiss and notify, webauthn:extension:credBlob: true, webauthn:extension:largeBlob: true, webauthn:virtualAuthenticators: true}
Session ID: 8f450e945242f5d22b205957ee72fb9a
*** Element info: {Using=id, value=sampleHeading}
18026 [Test worker] INFO  applications.ListenerMy - Screenshot with throwable -->src/test/screenshots/screenshot-2773.png
18029 [Test worker] INFO  TestBase - End of method -->newTabtest
